<?xml version="1.0" encoding="UTF-8"?>
<testng-results skipped="0" failed="0" ignored="0" total="5" passed="5">
  <reporter-output>
  </reporter-output>
  <suite name="Ebay Automation Script " duration-ms="37351" started-at="2019-09-19T00:44:07 EDT" finished-at="2019-09-19T00:44:45 EDT">
    <groups>
    </groups>
    <test name="Ebay Home" duration-ms="37351" started-at="2019-09-19T00:44:07 EDT" finished-at="2019-09-19T00:44:45 EDT">
      <class name="Home.TestHome">
        <test-method status="PASS" signature="setUp(java.lang.String)[pri:0, instance:Home.TestHome@5c3bd550]" name="setUp" is-config="true" duration-ms="4963" started-at="2019-09-19T00:44:07 EDT" finished-at="2019-09-19T00:44:12 EDT">
          <params>
            <param index="0">
              <value>
                <![CDATA[https://www.ebay.com/]]>
              </value>
            </param>
          </params>
          <reporter-output>
          </reporter-output>
        </test-method> <!-- setUp -->
        <test-method status="PASS" signature="initElements()[pri:0, instance:Home.TestHome@5c3bd550]" name="initElements" is-config="true" duration-ms="62" started-at="2019-09-19T00:44:12 EDT" finished-at="2019-09-19T00:44:12 EDT">
          <reporter-output>
          </reporter-output>
        </test-method> <!-- initElements -->
        <test-method status="PASS" signature="testDeals()[pri:0, instance:Home.TestHome@5c3bd550]" name="testDeals" duration-ms="1607" started-at="2019-09-19T00:44:12 EDT" finished-at="2019-09-19T00:44:14 EDT">
          <reporter-output>
          </reporter-output>
        </test-method> <!-- testDeals -->
        <test-method status="PASS" signature="cleanUp()[pri:0, instance:Home.TestHome@5c3bd550]" name="cleanUp" is-config="true" duration-ms="1417" started-at="2019-09-19T00:44:14 EDT" finished-at="2019-09-19T00:44:15 EDT">
          <reporter-output>
          </reporter-output>
        </test-method> <!-- cleanUp -->
        <test-method status="PASS" signature="setUp(java.lang.String)[pri:0, instance:Home.TestHome@5c3bd550]" name="setUp" is-config="true" duration-ms="4042" started-at="2019-09-19T00:44:15 EDT" finished-at="2019-09-19T00:44:19 EDT">
          <params>
            <param index="0">
              <value>
                <![CDATA[https://www.ebay.com/]]>
              </value>
            </param>
          </params>
          <reporter-output>
          </reporter-output>
        </test-method> <!-- setUp -->
        <test-method status="PASS" signature="initElements()[pri:0, instance:Home.TestHome@5c3bd550]" name="initElements" is-config="true" duration-ms="2" started-at="2019-09-19T00:44:19 EDT" finished-at="2019-09-19T00:44:19 EDT">
          <reporter-output>
          </reporter-output>
        </test-method> <!-- initElements -->
        <test-method status="PASS" signature="testHelp()[pri:0, instance:Home.TestHome@5c3bd550]" name="testHelp" duration-ms="2176" started-at="2019-09-19T00:44:19 EDT" finished-at="2019-09-19T00:44:22 EDT">
          <reporter-output>
          </reporter-output>
        </test-method> <!-- testHelp -->
        <test-method status="PASS" signature="cleanUp()[pri:0, instance:Home.TestHome@5c3bd550]" name="cleanUp" is-config="true" duration-ms="1363" started-at="2019-09-19T00:44:22 EDT" finished-at="2019-09-19T00:44:23 EDT">
          <reporter-output>
          </reporter-output>
        </test-method> <!-- cleanUp -->
        <test-method status="PASS" signature="setUp(java.lang.String)[pri:0, instance:Home.TestHome@5c3bd550]" name="setUp" is-config="true" duration-ms="4105" started-at="2019-09-19T00:44:23 EDT" finished-at="2019-09-19T00:44:27 EDT">
          <params>
            <param index="0">
              <value>
                <![CDATA[https://www.ebay.com/]]>
              </value>
            </param>
          </params>
          <reporter-output>
          </reporter-output>
        </test-method> <!-- setUp -->
        <test-method status="PASS" signature="initElements()[pri:0, instance:Home.TestHome@5c3bd550]" name="initElements" is-config="true" duration-ms="1" started-at="2019-09-19T00:44:27 EDT" finished-at="2019-09-19T00:44:27 EDT">
          <reporter-output>
          </reporter-output>
        </test-method> <!-- initElements -->
        <test-method status="PASS" signature="testMyCart()[pri:0, instance:Home.TestHome@5c3bd550]" name="testMyCart" duration-ms="1656" started-at="2019-09-19T00:44:27 EDT" finished-at="2019-09-19T00:44:29 EDT">
          <reporter-output>
          </reporter-output>
        </test-method> <!-- testMyCart -->
        <test-method status="PASS" signature="cleanUp()[pri:0, instance:Home.TestHome@5c3bd550]" name="cleanUp" is-config="true" duration-ms="1196" started-at="2019-09-19T00:44:29 EDT" finished-at="2019-09-19T00:44:30 EDT">
          <reporter-output>
          </reporter-output>
        </test-method> <!-- cleanUp -->
        <test-method status="PASS" signature="setUp(java.lang.String)[pri:0, instance:Home.TestHome@5c3bd550]" name="setUp" is-config="true" duration-ms="4019" started-at="2019-09-19T00:44:30 EDT" finished-at="2019-09-19T00:44:34 EDT">
          <params>
            <param index="0">
              <value>
                <![CDATA[https://www.ebay.com/]]>
              </value>
            </param>
          </params>
          <reporter-output>
          </reporter-output>
        </test-method> <!-- setUp -->
        <test-method status="PASS" signature="initElements()[pri:0, instance:Home.TestHome@5c3bd550]" name="initElements" is-config="true" duration-ms="1" started-at="2019-09-19T00:44:34 EDT" finished-at="2019-09-19T00:44:34 EDT">
          <reporter-output>
          </reporter-output>
        </test-method> <!-- initElements -->
        <test-method status="PASS" signature="testSearchBar()[pri:0, instance:Home.TestHome@5c3bd550]" name="testSearchBar" duration-ms="2223" started-at="2019-09-19T00:44:34 EDT" finished-at="2019-09-19T00:44:36 EDT">
          <reporter-output>
          </reporter-output>
        </test-method> <!-- testSearchBar -->
        <test-method status="PASS" signature="cleanUp()[pri:0, instance:Home.TestHome@5c3bd550]" name="cleanUp" is-config="true" duration-ms="1438" started-at="2019-09-19T00:44:36 EDT" finished-at="2019-09-19T00:44:38 EDT">
          <reporter-output>
          </reporter-output>
        </test-method> <!-- cleanUp -->
        <test-method status="PASS" signature="setUp(java.lang.String)[pri:0, instance:Home.TestHome@5c3bd550]" name="setUp" is-config="true" duration-ms="4242" started-at="2019-09-19T00:44:38 EDT" finished-at="2019-09-19T00:44:42 EDT">
          <params>
            <param index="0">
              <value>
                <![CDATA[https://www.ebay.com/]]>
              </value>
            </param>
          </params>
          <reporter-output>
          </reporter-output>
        </test-method> <!-- setUp -->
        <test-method status="PASS" signature="initElements()[pri:0, instance:Home.TestHome@5c3bd550]" name="initElements" is-config="true" duration-ms="1" started-at="2019-09-19T00:44:42 EDT" finished-at="2019-09-19T00:44:42 EDT">
          <reporter-output>
          </reporter-output>
        </test-method> <!-- initElements -->
        <test-method status="PASS" signature="testSell()[pri:0, instance:Home.TestHome@5c3bd550]" name="testSell" duration-ms="1543" started-at="2019-09-19T00:44:42 EDT" finished-at="2019-09-19T00:44:43 EDT">
          <reporter-output>
          </reporter-output>
        </test-method> <!-- testSell -->
        <test-method status="PASS" signature="cleanUp()[pri:0, instance:Home.TestHome@5c3bd550]" name="cleanUp" is-config="true" duration-ms="1251" started-at="2019-09-19T00:44:43 EDT" finished-at="2019-09-19T00:44:45 EDT">
          <reporter-output>
          </reporter-output>
        </test-method> <!-- cleanUp -->
      </class> <!-- Home.TestHome -->
    </test> <!-- Ebay Home -->
  </suite> <!-- Ebay Automation Script  -->
</testng-results>
